C:\Users\1\Downloads\swmm51012_engine_2\VC2010-DLL\Release\cl.command.1.tlog
C:\Users\1\Downloads\swmm51012_engine_2\VC2010-DLL\Release\CL.read.1.tlog
C:\Users\1\Downloads\swmm51012_engine_2\VC2010-DLL\Release\CL.write.1.tlog
C:\USERS\1\DOWNLOADS\SWMM51012_ENGINE_2\VC2010-DLL\RELEASE\CLIMATE.OBJ
C:\USERS\1\DOWNLOADS\SWMM51012_ENGINE_2\VC2010-DLL\RELEASE\CONTROLS.OBJ
C:\USERS\1\DOWNLOADS\SWMM51012_ENGINE_2\VC2010-DLL\RELEASE\COSIMULATION.OBJ
C:\USERS\1\DOWNLOADS\SWMM51012_ENGINE_2\VC2010-DLL\RELEASE\CULVERT.OBJ
C:\USERS\1\DOWNLOADS\SWMM51012_ENGINE_2\VC2010-DLL\RELEASE\DATETIME.OBJ
C:\USERS\1\DOWNLOADS\SWMM51012_ENGINE_2\VC2010-DLL\RELEASE\DWFLOW.OBJ
C:\USERS\1\DOWNLOADS\SWMM51012_ENGINE_2\VC2010-DLL\RELEASE\DYNWAVE.OBJ
C:\USERS\1\DOWNLOADS\SWMM51012_ENGINE_2\VC2010-DLL\RELEASE\ERROR.OBJ
C:\USERS\1\DOWNLOADS\SWMM51012_ENGINE_2\VC2010-DLL\RELEASE\EXFIL.OBJ
C:\USERS\1\DOWNLOADS\SWMM51012_ENGINE_2\VC2010-DLL\RELEASE\FINDROOT.OBJ
C:\USERS\1\DOWNLOADS\SWMM51012_ENGINE_2\VC2010-DLL\RELEASE\FLOWROUT.OBJ
C:\USERS\1\DOWNLOADS\SWMM51012_ENGINE_2\VC2010-DLL\RELEASE\FORCMAIN.OBJ
C:\USERS\1\DOWNLOADS\SWMM51012_ENGINE_2\VC2010-DLL\RELEASE\GAGE.OBJ
C:\USERS\1\DOWNLOADS\SWMM51012_ENGINE_2\VC2010-DLL\RELEASE\GWATER.OBJ
C:\USERS\1\DOWNLOADS\SWMM51012_ENGINE_2\VC2010-DLL\RELEASE\HASH.OBJ
C:\USERS\1\DOWNLOADS\SWMM51012_ENGINE_2\VC2010-DLL\RELEASE\HOTSTART.OBJ
C:\USERS\1\DOWNLOADS\SWMM51012_ENGINE_2\VC2010-DLL\RELEASE\IFACE.OBJ
C:\USERS\1\DOWNLOADS\SWMM51012_ENGINE_2\VC2010-DLL\RELEASE\INFIL.OBJ
C:\USERS\1\DOWNLOADS\SWMM51012_ENGINE_2\VC2010-DLL\RELEASE\INFLOW.OBJ
C:\USERS\1\DOWNLOADS\SWMM51012_ENGINE_2\VC2010-DLL\RELEASE\INPUT.OBJ
C:\USERS\1\DOWNLOADS\SWMM51012_ENGINE_2\VC2010-DLL\RELEASE\INPUTRPT.OBJ
C:\USERS\1\DOWNLOADS\SWMM51012_ENGINE_2\VC2010-DLL\RELEASE\KEYWORDS.OBJ
C:\USERS\1\DOWNLOADS\SWMM51012_ENGINE_2\VC2010-DLL\RELEASE\KINWAVE.OBJ
C:\USERS\1\DOWNLOADS\SWMM51012_ENGINE_2\VC2010-DLL\RELEASE\LANDUSE.OBJ
C:\USERS\1\DOWNLOADS\SWMM51012_ENGINE_2\VC2010-DLL\RELEASE\LID.OBJ
C:\USERS\1\DOWNLOADS\SWMM51012_ENGINE_2\VC2010-DLL\RELEASE\LIDPROC.OBJ
C:\Users\1\Downloads\swmm51012_engine_2\VC2010-DLL\Release\link.command.1.tlog
C:\USERS\1\DOWNLOADS\SWMM51012_ENGINE_2\VC2010-DLL\RELEASE\LINK.OBJ
C:\Users\1\Downloads\swmm51012_engine_2\VC2010-DLL\Release\link.read.1.tlog
C:\Users\1\Downloads\swmm51012_engine_2\VC2010-DLL\Release\link.write.1.tlog
C:\USERS\1\DOWNLOADS\SWMM51012_ENGINE_2\VC2010-DLL\RELEASE\MASSBAL.OBJ
C:\USERS\1\DOWNLOADS\SWMM51012_ENGINE_2\VC2010-DLL\RELEASE\MATHEXPR.OBJ
C:\USERS\1\DOWNLOADS\SWMM51012_ENGINE_2\VC2010-DLL\RELEASE\MEMPOOL.OBJ
C:\Users\1\Downloads\swmm51012_engine_2\VC2010-DLL\Release\mt.command.1.tlog
C:\Users\1\Downloads\swmm51012_engine_2\VC2010-DLL\Release\mt.read.1.tlog
C:\Users\1\Downloads\swmm51012_engine_2\VC2010-DLL\Release\mt.write.1.tlog
C:\USERS\1\DOWNLOADS\SWMM51012_ENGINE_2\VC2010-DLL\RELEASE\NODE.OBJ
C:\USERS\1\DOWNLOADS\SWMM51012_ENGINE_2\VC2010-DLL\RELEASE\ODESOLVE.OBJ
C:\USERS\1\DOWNLOADS\SWMM51012_ENGINE_2\VC2010-DLL\RELEASE\OUTPUT.OBJ
C:\USERS\1\DOWNLOADS\SWMM51012_ENGINE_2\VC2010-DLL\RELEASE\PROJECT.OBJ
C:\USERS\1\DOWNLOADS\SWMM51012_ENGINE_2\VC2010-DLL\RELEASE\QUALROUT.OBJ
C:\USERS\1\DOWNLOADS\SWMM51012_ENGINE_2\VC2010-DLL\RELEASE\RAIN.OBJ
C:\USERS\1\DOWNLOADS\SWMM51012_ENGINE_2\VC2010-DLL\RELEASE\RDII.OBJ
C:\USERS\1\DOWNLOADS\SWMM51012_ENGINE_2\VC2010-DLL\RELEASE\REPORT.OBJ
C:\USERS\1\DOWNLOADS\SWMM51012_ENGINE_2\VC2010-DLL\RELEASE\ROADWAY.OBJ
C:\USERS\1\DOWNLOADS\SWMM51012_ENGINE_2\VC2010-DLL\RELEASE\ROUTING.OBJ
C:\USERS\1\DOWNLOADS\SWMM51012_ENGINE_2\VC2010-DLL\RELEASE\RUNOFF.OBJ
C:\USERS\1\DOWNLOADS\SWMM51012_ENGINE_2\VC2010-DLL\RELEASE\SHAPE.OBJ
C:\USERS\1\DOWNLOADS\SWMM51012_ENGINE_2\VC2010-DLL\RELEASE\SNOW.OBJ
C:\USERS\1\DOWNLOADS\SWMM51012_ENGINE_2\VC2010-DLL\RELEASE\STATS.OBJ
C:\USERS\1\DOWNLOADS\SWMM51012_ENGINE_2\VC2010-DLL\RELEASE\STATSRPT.OBJ
C:\USERS\1\DOWNLOADS\SWMM51012_ENGINE_2\VC2010-DLL\RELEASE\SUBCATCH.OBJ
C:\USERS\1\DOWNLOADS\SWMM51012_ENGINE_2\VC2010-DLL\RELEASE\SURFQUAL.OBJ
C:\USERS\1\DOWNLOADS\SWMM51012_ENGINE_2\VC2010-DLL\RELEASE\SWMM5.DLL
C:\USERS\1\DOWNLOADS\SWMM51012_ENGINE_2\VC2010-DLL\RELEASE\SWMM5.DLL.INTERMEDIATE.MANIFEST
C:\Users\1\Downloads\swmm51012_engine_2\VC2010-DLL\Release\swmm5.exp
C:\Users\1\Downloads\swmm51012_engine_2\VC2010-DLL\Release\swmm5.lib
C:\USERS\1\DOWNLOADS\SWMM51012_ENGINE_2\VC2010-DLL\RELEASE\SWMM5.OBJ
C:\USERS\1\DOWNLOADS\SWMM51012_ENGINE_2\VC2010-DLL\RELEASE\TABLE.OBJ
C:\USERS\1\DOWNLOADS\SWMM51012_ENGINE_2\VC2010-DLL\RELEASE\TOPOSORT.OBJ
C:\USERS\1\DOWNLOADS\SWMM51012_ENGINE_2\VC2010-DLL\RELEASE\TRANSECT.OBJ
C:\USERS\1\DOWNLOADS\SWMM51012_ENGINE_2\VC2010-DLL\RELEASE\TREATMNT.OBJ
C:\USERS\1\DOWNLOADS\SWMM51012_ENGINE_2\VC2010-DLL\RELEASE\VC100.PDB
C:\Users\1\Downloads\swmm51012_engine_2\VC2010-DLL\Release\VC2010-DLL.write.1.tlog
C:\USERS\1\DOWNLOADS\SWMM51012_ENGINE_2\VC2010-DLL\RELEASE\XSECT.OBJ
